<?xml version="1.0" encoding="UTF-8" ?>
<testsuite tests="13" failures="12" name="com.example.CartTest" time="0.479" errors="0" skipped="0">
  <properties>
    <property name="jansi.mode" value="force"/>
    <property name="java.runtime.name" value="OpenJDK Runtime Environment"/>
    <property name="java.vm.version" value="21.0.6+7-Ubuntu-124.04.1"/>
    <property name="sun.boot.library.path" value="/usr/lib/jvm/java-21-openjdk-amd64/lib"/>
    <property name="maven.multiModuleProjectDirectory" value="/mnt/c/Робочий стіл/java/02-koszyk-olha-yakymenko/my-java-project"/>
    <property name="java.vm.vendor" value="Ubuntu"/>
    <property name="java.vendor.url" value="https://ubuntu.com/"/>
    <property name="guice.disable.misplaced.annotation.check" value="true"/>
    <property name="path.separator" value=":"/>
    <property name="java.vm.name" value="OpenJDK 64-Bit Server VM"/>
    <property name="sun.java.launcher" value="SUN_STANDARD"/>
    <property name="java.vm.specification.name" value="Java Virtual Machine Specification"/>
    <property name="user.dir" value="/mnt/c/Робочий стіл/java/02-koszyk-olha-yakymenko/my-java-project"/>
    <property name="java.vm.compressedOopsMode" value="32-bit"/>
    <property name="java.runtime.version" value="21.0.6+7-Ubuntu-124.04.1"/>
    <property name="os.arch" value="amd64"/>
    <property name="java.io.tmpdir" value="/tmp"/>
    <property name="line.separator" value="
"/>
    <property name="java.vm.specification.vendor" value="Oracle Corporation"/>
    <property name="stderr.encoding" value="UTF-8"/>
    <property name="os.name" value="Linux"/>
    <property name="classworlds.conf" value="/usr/share/maven/bin/m2.conf"/>
    <property name="sun.jnu.encoding" value="UTF-8"/>
    <property name="stdout.encoding" value="UTF-8"/>
    <property name="java.library.path" value="/usr/java/packages/lib:/usr/lib/x86_64-linux-gnu/jni:/lib/x86_64-linux-gnu:/usr/lib/x86_64-linux-gnu:/usr/lib/jni:/lib:/usr/lib"/>
    <property name="maven.conf" value="/usr/share/maven/conf"/>
    <property name="jdk.debug" value="release"/>
    <property name="java.class.version" value="65.0"/>
    <property name="java.specification.name" value="Java Platform API Specification"/>
    <property name="sun.management.compiler" value="HotSpot 64-Bit Tiered Compilers"/>
    <property name="os.version" value="5.15.167.4-microsoft-standard-WSL2"/>
    <property name="library.jansi.path" value="/usr/share/maven/lib/jansi-native"/>
    <property name="user.home" value="/home/olha"/>
    <property name="user.timezone" value="Europe/Warsaw"/>
    <property name="file.encoding" value="UTF-8"/>
    <property name="java.specification.version" value="21"/>
    <property name="user.name" value="olha"/>
    <property name="java.class.path" value="/usr/share/maven/boot/plexus-classworlds-2.x.jar"/>
    <property name="java.vm.specification.version" value="21"/>
    <property name="sun.arch.data.model" value="64"/>
    <property name="sun.java.command" value="org.codehaus.plexus.classworlds.launcher.Launcher clean install"/>
    <property name="java.home" value="/usr/lib/jvm/java-21-openjdk-amd64"/>
    <property name="user.language" value="en"/>
    <property name="java.specification.vendor" value="Oracle Corporation"/>
    <property name="java.vm.info" value="mixed mode, sharing"/>
    <property name="java.version" value="21.0.6"/>
    <property name="native.encoding" value="UTF-8"/>
    <property name="java.vendor" value="Ubuntu"/>
    <property name="maven.home" value="/usr/share/maven"/>
    <property name="file.separator" value="/"/>
    <property name="java.version.date" value="2025-01-21"/>
    <property name="java.vendor.url.bug" value="https://bugs.launchpad.net/ubuntu/+source/openjdk-21"/>
    <property name="sun.io.unicode.encoding" value="UnicodeLittle"/>
    <property name="sun.cpu.endian" value="little"/>
  </properties>
  <testcase classname="com.example.CartTest" name="com.example.CartTest.testAddProduct" time="0.065">
    <failure message="Cannot invoke &quot;com.example.Cart.addProduct(com.example.Product)&quot; because &quot;this.cart&quot; is null" type="java.lang.NullPointerException">java.lang.NullPointerException: Cannot invoke &quot;com.example.Cart.addProduct(com.example.Product)&quot; because &quot;this.cart&quot; is null
	at com.example.CartTest.testAddProduct(CartTest.java:93)
</failure>
  </testcase>
  <testcase classname="com.example.CartTest" name="com.example.CartTest.testGetTotalPrice" time="0.006">
    <failure message="Cannot invoke &quot;com.example.Cart.getTotalPrice()&quot; because &quot;this.cart&quot; is null" type="java.lang.NullPointerException">java.lang.NullPointerException: Cannot invoke &quot;com.example.Cart.getTotalPrice()&quot; because &quot;this.cart&quot; is null
	at com.example.CartTest.testGetTotalPrice(CartTest.java:105)
</failure>
  </testcase>
  <testcase classname="com.example.CartTest" name="com.example.CartTest.testSortProductsByPriceDescending" time="0.013">
    <failure message="Cannot invoke &quot;com.example.Cart.setSortingService(com.example.ProductSortingStrategy)&quot; because &quot;this.cart&quot; is null" type="java.lang.NullPointerException">java.lang.NullPointerException: Cannot invoke &quot;com.example.Cart.setSortingService(com.example.ProductSortingStrategy)&quot; because &quot;this.cart&quot; is null
	at com.example.CartTest.testSortProductsByPriceDescending(CartTest.java:120)
</failure>
  </testcase>
  <testcase classname="com.example.CartTest" name="com.example.CartTest.testSortProductsByNameAscendingSortingStrategy" time="0.023">
    <failure message="Cannot invoke &quot;com.example.Cart.setSortingService(com.example.ProductSortingStrategy)&quot; because &quot;this.cart&quot; is null" type="java.lang.NullPointerException">java.lang.NullPointerException: Cannot invoke &quot;com.example.Cart.setSortingService(com.example.ProductSortingStrategy)&quot; because &quot;this.cart&quot; is null
	at com.example.CartTest.testSortProductsByNameAscendingSortingStrategy(CartTest.java:133)
</failure>
  </testcase>
  <testcase classname="com.example.CartTest" name="com.example.CartTest.testSearchMostExpensiveProduct" time="0.026">
    <failure message="Cannot invoke &quot;com.example.Cart.searchProducts(com.example.ProductSearchStrategy, int)&quot; because &quot;this.cart&quot; is null" type="java.lang.NullPointerException">java.lang.NullPointerException: Cannot invoke &quot;com.example.Cart.searchProducts(com.example.ProductSearchStrategy, int)&quot; because &quot;this.cart&quot; is null
	at com.example.CartTest.testSearchMostExpensiveProduct(CartTest.java:143)
</failure>
  </testcase>
  <testcase classname="com.example.CartTest" name="com.example.CartTest.testApplyPercentageDiscount" time="0.021">
    <failure message="Cannot invoke &quot;com.example.Cart.addDiscount(com.example.Discount)&quot; because &quot;this.cart&quot; is null" type="java.lang.NullPointerException">java.lang.NullPointerException: Cannot invoke &quot;com.example.Cart.addDiscount(com.example.Discount)&quot; because &quot;this.cart&quot; is null
	at com.example.CartTest.testApplyPercentageDiscount(CartTest.java:155)
</failure>
  </testcase>
  <testcase classname="com.example.CartTest" name="com.example.CartTest.testApplyBestDiscounts" time="0.183"/>
  <testcase classname="com.example.CartTest" name="com.example.CartTest.testIsValid_whenProductsArrayIsEmpty" time="0.114">
    <failure message="Cannot invoke &quot;com.example.ProductSearchValidator.isValid(com.example.Product[], int)&quot; because &quot;this.searchValidator&quot; is null" type="java.lang.NullPointerException">java.lang.NullPointerException: Cannot invoke &quot;com.example.ProductSearchValidator.isValid(com.example.Product[], int)&quot; because &quot;this.searchValidator&quot; is null
	at com.example.CartTest.testIsValid_whenProductsArrayIsEmpty(CartTest.java:229)
</failure>
  </testcase>
  <testcase classname="com.example.CartTest" name="com.example.CartTest.testIsValid_whenNIsZero" time="0.027">
    <failure message="Cannot invoke &quot;com.example.ProductSearchValidator.isValid(com.example.Product[], int)&quot; because &quot;this.searchValidator&quot; is null" type="java.lang.NullPointerException">java.lang.NullPointerException: Cannot invoke &quot;com.example.ProductSearchValidator.isValid(com.example.Product[], int)&quot; because &quot;this.searchValidator&quot; is null
	at com.example.CartTest.testIsValid_whenNIsZero(CartTest.java:235)
</failure>
  </testcase>
  <testcase classname="com.example.CartTest" name="com.example.CartTest.testIsValid_whenNIsNegative" time="0">
    <failure message="Cannot invoke &quot;com.example.ProductSearchValidator.isValid(com.example.Product[], int)&quot; because &quot;this.searchValidator&quot; is null" type="java.lang.NullPointerException">java.lang.NullPointerException: Cannot invoke &quot;com.example.ProductSearchValidator.isValid(com.example.Product[], int)&quot; because &quot;this.searchValidator&quot; is null
	at com.example.CartTest.testIsValid_whenNIsNegative(CartTest.java:241)
</failure>
  </testcase>
  <testcase classname="com.example.CartTest" name="com.example.CartTest.testIsValid_whenNIsGreaterThanArrayLength" time="0.001">
    <failure message="Cannot invoke &quot;com.example.ProductSearchValidator.isValid(com.example.Product[], int)&quot; because &quot;this.searchValidator&quot; is null" type="java.lang.NullPointerException">java.lang.NullPointerException: Cannot invoke &quot;com.example.ProductSearchValidator.isValid(com.example.Product[], int)&quot; because &quot;this.searchValidator&quot; is null
	at com.example.CartTest.testIsValid_whenNIsGreaterThanArrayLength(CartTest.java:247)
</failure>
  </testcase>
  <testcase classname="com.example.CartTest" name="com.example.CartTest.testIsValid_whenNIsValid" time="0">
    <failure message="Cannot invoke &quot;com.example.ProductSearchValidator.isValid(com.example.Product[], int)&quot; because &quot;this.searchValidator&quot; is null" type="java.lang.NullPointerException">java.lang.NullPointerException: Cannot invoke &quot;com.example.ProductSearchValidator.isValid(com.example.Product[], int)&quot; because &quot;this.searchValidator&quot; is null
	at com.example.CartTest.testIsValid_whenNIsValid(CartTest.java:253)
</failure>
  </testcase>
  <testcase classname="com.example.CartTest" name="com.example.CartTest.testIsValid_whenNEqualsArrayLength" time="0">
    <failure message="Cannot invoke &quot;com.example.ProductSearchValidator.isValid(com.example.Product[], int)&quot; because &quot;this.searchValidator&quot; is null" type="java.lang.NullPointerException">java.lang.NullPointerException: Cannot invoke &quot;com.example.ProductSearchValidator.isValid(com.example.Product[], int)&quot; because &quot;this.searchValidator&quot; is null
	at com.example.CartTest.testIsValid_whenNEqualsArrayLength(CartTest.java:259)
</failure>
  </testcase>
</testsuite>